make all --print-data-base --no-builtin-variables --no-builtin-rules --question
# GNU Make 4.1
# Built for x86_64-pc-linux-gnu
# Copyright (C) 1988-2014 Free Software Foundation, Inc.
# License GPLv3+: GNU GPL version 3 or later <http://gnu.org/licenses/gpl.html>
# This is free software: you are free to change and redistribute it.
# There is NO WARRANTY, to the extent permitted by law.

# Make data base, printed on Sun Aug 21 23:23:44 2022

# Variables

# automatic
<D = $(patsubst %/,%,$(dir $<))
# automatic
?F = $(notdir $?)
# default
.SHELLFLAGS := -c
# environment
VSCODE_AGENT_FOLDER = /home/hsadasivan/.vscode-server
# automatic
?D = $(patsubst %/,%,$(dir $?))
# automatic
@D = $(patsubst %/,%,$(dir $@))
# automatic
@F = $(notdir $@)
# default
MAKE_VERSION := 4.1
# makefile
CURDIR := /home/hsadasivan/sDTW-X/src
# makefile
SHELL = /bin/sh
# environment
VSCODE_NLS_CONFIG = {"locale":"en","availableLanguages":{}}
# environment
_ = /home/hsadasivan/.vscode-server/bin/3b889b090b5ad5793f524b5d1d39fda662b96a2a/node
# makefile (from 'Makefile', line 1)
MAKEFILE_LIST :=  Makefile
# makefile (from 'Makefile', line 1)
NVCC = nvcc
# 'override' directive
GNUMAKEFLAGS := 
# makefile (from 'Makefile', line 9)
CXXFLAGS = -Xcompiler="-fopenmp -march=native" -O2
# environment
XDG_DATA_DIRS = /usr/local/share:/usr/share:/var/lib/snapd/desktop
# makefile (from 'Makefile', line 8)
NVCCFLAGS = -std=c++11 --ptxas-options=-v --default-stream per-thread  -O2 -lineinfo -gencode=arch=compute_86,code=sm_86 --compiler-options -Wall -DSDTW -DFP16 -DNO_REF_DEL -DPINGPONG_BUFFER
# environment
DBUS_SESSION_BUS_ADDRESS = unix:path=/run/user/1000/bus
# environment
INFOPATH = /home/linuxbrew/.linuxbrew/share/info:
# environment
LESSOPEN = | /usr/bin/lesspipe %s
# environment
VSCODE_CWD = /home/hsadasivan
# environment
SSH_CONNECTION = 10.28.43.218 63444 10.112.208.99 22
# environment
PATH = /home/hsadasivan/.vscode-server/bin/3b889b090b5ad5793f524b5d1d39fda662b96a2a/bin/remote-cli:/home/linuxbrew/.linuxbrew/bin:/home/linuxbrew/.linuxbrew/sbin:/home/hsadasivan/.local/bin:/home/hsadasivan/anaconda3/bin:/home/hsadasivan/anaconda3/condabin:/usr/local/cuda-11.5/bin:/usr/local/cuda-11.6/bin:/home/hsadasivan/.vscode-server/bin/c3511e6c69bb39013c4a4b7b9566ec1ca73fc4d5/bin/remote-cli:/home/hsadasivan/.local/bin:/home/hsadasivan/anaconda3/bin:/home/hsadasivan/anaconda3/condabin:/home/hsadasivan/datasets/google-cloud-sdk/bin:/usr/local/sbin:/usr/local/bin:/usr/sbin:/usr/bin:/sbin:/bin:/snap/bin:/usr/local/cuda/bin:/usr/local/cuda/bin:/home/hsadasivan/.cargo/bin:/usr/local/go/bin:/usr/local/cuda/bin:/home/hsadasivan/.cargo/bin:/usr/local/go/bin:/usr/local/go/bin
# environment
XDG_RUNTIME_DIR = /run/user/1000
# environment
CONDA_PREFIX = /home/hsadasivan/anaconda3
# environment
ELECTRON_RUN_AS_NODE = 1
# default
.FEATURES := target-specific order-only second-expansion else-if shortest-stem undefine oneshell archives jobserver output-sync check-symlink load
# environment
LS_COLORS = 
# automatic
%F = $(notdir $%)
# environment
CONDA_EXE = /home/hsadasivan/anaconda3/bin/conda
# environment
CUDAIR = /usr/local/cuda
# environment
PWD = /home/hsadasivan/sDTW-X/src
# environment
VSCODE_IPC_HOOK_CLI = /run/user/1000/vscode-ipc-b0856379-9e16-4378-94ae-8043e1500773.sock
# automatic
*D = $(patsubst %/,%,$(dir $*))
# environment
MANPATH = /home/linuxbrew/.linuxbrew/share/man:
# environment
VSCODE_AMD_ENTRYPOINT = vs/workbench/api/node/extensionHostProcess
# environment
HOME = /home/hsadasivan
# environment
LD_LIBRARY_PATH = /home/hsadasivan/anaconda2/lib:/usr/local/cuda-11.5/lib64:/home/hsadasivan/anaconda2/lib:/usr/local/cuda-11.6/lib64:/usr/local/cuda/lib
# environment
HOMEBREW_CELLAR = /home/linuxbrew/.linuxbrew/Cellar
# makefile (from 'Makefile', line 10)
HDF5_PLUGIN_PATH = /home/hsadasivan/.local/hdf5/lib/plugin
# environment
LOGNAME = hsadasivan
# environment
APPLICATION_INSIGHTS_NO_DIAGNOSTIC_CHANNEL = 1
# environment
CONDA_PROMPT_MODIFIER = (base) 
# automatic
+F = $(notdir $+)
# environment
LESSCLOSE = /usr/bin/lesspipe %s %s
# environment
VSCODE_HANDLES_UNCAUGHT_ERRORS = true
# automatic
^D = $(patsubst %/,%,$(dir $^))
# environment
MAKELEVEL := 0
# environment
CONDA_DEFAULT_ENV = base
# default
MAKE = $(MAKE_COMMAND)
# default
MAKECMDGOALS := all
# environment
SHLVL = 3
# environment
XDG_SESSION_ID = 273
# environment
USER = hsadasivan
# makefile
.DEFAULT_GOAL := all
# automatic
%D = $(patsubst %/,%,$(dir $%))
# environment
CONDA_SHLVL = 1
# default
MAKE_COMMAND := make
# default
.VARIABLES := 
# automatic
*F = $(notdir $*)
# makefile
MAKEFLAGS = pqrR
# environment
MFLAGS = -pqrR
# environment
SSH_CLIENT = 10.28.43.218 63444 22
# environment
MAIL = /var/mail/hsadasivan
# environment
HOMEBREW_PREFIX = /home/linuxbrew/.linuxbrew
# automatic
+D = $(patsubst %/,%,$(dir $+))
# environment
BROWSER = /home/hsadasivan/.vscode-server/bin/3b889b090b5ad5793f524b5d1d39fda662b96a2a/bin/helpers/browser.sh
# environment
HOMEBREW_REPOSITORY = /home/linuxbrew/.linuxbrew/Homebrew
# environment
VSCODE_HANDLES_SIGPIPE = true
# default
MAKEFILES := 
# automatic
<F = $(notdir $<)
# environment
LC_ALL = C
# environment
CONDA_PYTHON_EXE = /home/hsadasivan/anaconda3/bin/python
# makefile (from 'Makefile', line 2)
LIBS = -lz -lhdf5 -I/usr/include/hdf5/serial -L/usr/lib/x86_64-linux-gnu/hdf5/serial -lcudnn 
# automatic
^F = $(notdir $^)
# default
SUFFIXES := 
# environment
_CE_M = 
# default
.INCLUDE_DIRS = /usr/include /usr/local/include /usr/include
# default
.RECIPEPREFIX := 
# default
MAKE_HOST := x86_64-pc-linux-gnu
# environment
LANG = C
# environment
_CE_CONDA = 
# variable set hash-table stats:
# Load=83/1024=8%, Rehash=0, Collisions=11/117=9%

# Pattern-specific Variable Values

# No pattern-specific variable values.

# Directories

# . (device 66305, inode 1971065): 10 files, no impossibilities.

# 10 files, no impossibilities in 1 directories.

# Implicit Rules

# No implicit rules.

# Files

all: main
#  Command line target.
#  Implicit rule search has been done.
#  File does not exist.
#  File has been updated.
#  Needs to be updated (-q is set).
# variable set hash-table stats:
# Load=0/32=0%, Rehash=0, Collisions=0/7=0%

# Not a target:
.SUFFIXES:
#  Implicit rule search has not been done.
#  Modification time never checked.
#  File has not been updated.

format:
#  Implicit rule search has not been done.
#  Modification time never checked.
#  File has not been updated.
#  recipe to execute (from 'Makefile', line 16):
	clang-format -i main.cu include/*.hpp include/*.cu include/*cpp

# Not a target:
Makefile:
#  Implicit rule search has been done.
#  Last modified 2022-08-21 12:15:56.768213152
#  File has been updated.
#  Successfully updated.

# Not a target:
.DEFAULT:
#  Implicit rule search has not been done.
#  Modification time never checked.
#  File has not been updated.

clean:
#  Implicit rule search has not been done.
#  Modification time never checked.
#  File has not been updated.
#  recipe to execute (from 'Makefile', line 18):
		rm -rf main 

# Not a target:
main.cu:
#  Implicit rule search has been done.
#  Last modified 2022-08-20 11:58:10.141291728
#  File has been updated.
#  Successfully updated.

main: main.cu
#  Implicit rule search has not been done.
#  Implicit/static pattern stem: ''
#  File does not exist.
#  File has been updated.
#  Needs to be updated (-q is set).
# automatic
# @ := main
# automatic
# % := 
# automatic
# * := 
# automatic
# + := main.cu
# automatic
# | := 
# automatic
# < := main.cu
# automatic
# ^ := main.cu
# automatic
# ? := main.cu
# variable set hash-table stats:
# Load=8/32=25%, Rehash=0, Collisions=3/15=20%
#  recipe to execute (from 'Makefile', line 14):
	$(NVCC) $(NVCCFLAGS) $(CXXFLAGS) $(LIBS) main.cu -o main

# files hash-table stats:
# Load=8/1024=1%, Rehash=0, Collisions=2/23=9%
# VPATH Search Paths

# No 'vpath' search paths.

# No general ('VPATH' variable) search path.

# strcache buffers: 1 (0) / strings = 18 / storage = 149 B / avg = 8 B
 
# current buf: size = 8162 B / used = 149 B / count = 18 / avg = 8 B

# strcache performance: lookups = 30 / hit rate = 40%
# hash-table stats:
# Load=18/8192=0%, Rehash=0, Collisions=1/30=3%
# Finished Make data base on Sun Aug 21 23:23:44 2022

 
