Read_ID	QUERY_LEN	REF_LEN	sDTW score: fwd-strand	sDTW score: rev-strand
0	read_0072a710-789f-4a72-815a-aafddddee9d3	2048	48128	171.125	292.5
1	read_0148c2ae-0678-44c8-9e05-8a4ba1cb56f6	2048	48128	120.562	283.75
2	read_017200a2-1cc9-4546-83c8-d2898bff20f8	2048	48128	169	298.75
3	read_0177b7f3-8c74-4915-ab51-d69cfda6fd69	2048	48128	303	178.5
4	read_01988dbe-c160-4401-a6ba-b2e49c7ba65f	2048	48128	286	151.125
5	read_0199ab5f-1673-409b-9d63-6ab9af18b4ad	2048	48128	284.75	121.5
6	read_02c3ca4e-3540-4e5f-b468-067771e0e1e4	2048	48128	345.75	218.25
7	read_0347298e-a706-45aa-b771-426956ace539	2048	48128	276.5	123.75
8	read_039db125-54d1-4252-9544-d966d11770a1	2048	48128	266	199.5
9	read_03bd3814-773f-4240-85ec-396b83f57630	2048	48128	291.75	121
10	read_041c9002-ec28-4ea4-a3d5-1db7fb5dab8c	2048	48128	173.25	294.25
11	read_045fad57-2878-4705-9a2a-4516ff4f11a5	2048	48128	150	305.5
12	read_0482c224-62bd-47de-9d78-59ca8806d454	2048	48128	275.25	232.625
13	read_04f9ec12-f5c4-403b-b43f-a7f15f998fdd	2048	48128	218.25	291.5
14	read_054a61e3-a160-4514-a3aa-1818e8829602	2048	48128	261.75	343
15	read_0573d047-226c-45c0-937f-64b74b247e60	2048	48128	302.25	126.625
16	read_05a8ff05-6a51-433c-aa4c-1b6edb96a3a2	2048	48128	217.5	302.5
17	read_05af9c55-a6c3-4393-b796-71430379735f	2048	48128	219.875	206.875
18	read_07b66d92-2d75-4750-8861-0ab0aaf0a61b	2048	48128	306.5	126.312
19	read_07f0fcb1-6b8e-47cc-990e-686bd2187c05	2048	48128	252.875	240.875
20	read_08112f06-08e8-4437-bbc7-1727f0441fc5	2048	48128	203.125	280.75
21	read_0860ecc7-3d8f-488d-9810-a60e63a7177f	2048	48128	285.5	173.5
22	read_0911fc9a-f48a-4775-bdfa-eb3df9c2665c	2048	48128	281	141.5
23	read_0a2b842a-2534-4da0-a9b6-5da64ee3ef7d	2048	48128	112.062	287.5
24	read_0afdf683-672d-4b3c-be2a-3d73a4ba912b	2048	48128	171.75	288.75
25	read_0b8fe92b-f495-4627-8be8-7aadbb516380	2048	48128	188.25	287
26	read_0b949490-d319-4035-a95a-54f742deb6dd	2048	48128	299.75	122.188
27	read_0bb5957a-1bdf-47e7-b7b8-e8f8261c78ed	2048	48128	189.25	245.875
28	read_0d17fb01-c492-45fa-be23-9875ed3602f8	2048	48128	167.625	281.75
29	read_0d651c59-e77e-411c-b6a2-0b932feb8fec	2048	48128	223.25	225.375
30	read_0dca5dc2-94ab-47b2-89db-71980ed6421d	2048	48128	286	194
31	read_0e4c5362-6347-46b5-8a66-23d4b25b4c12	2048	48128	202.5	281.75
32	read_0e73c795-6686-4baa-a90c-e3edbb1d2b1c	2048	48128	147.25	261.5
33	read_0eef5f15-017f-4465-920f-bb25e393413b	2048	48128	155.125	307.25
34	read_0f0f1ce7-5c9d-4a2a-8e21-472c14dd364a	2048	48128	246	149
35	read_10261d1a-3846-49cd-a3da-fca1fbee5ae0	2048	48128	299	161.625
36	read_10272793-aef8-4255-b142-b4ece57d4c6f	2048	48128	275.25	152.625
37	read_10704ea3-542f-4f87-98e7-6d8658a9c66c	2048	48128	263	160.625
38	read_10a7b490-d3a6-43af-9b4b-cca10d354d8f	2048	48128	304.5	182.625
39	read_10b291c0-ebc7-4341-8347-f4f853c56fb3	2048	48128	186.875	311.5
40	read_112ca934-e5df-497c-bc9f-ff242f67e753	2048	48128	114.188	277.25
41	read_117993f1-ed0f-4b75-8225-c14ccb82f13c	2048	48128	340	240.5
42	read_13bea17a-a33a-465c-9933-3a33eab8b345	2048	48128	270	141.375
43	read_15903d01-cc30-495c-b4ec-63d071faaee1	2048	48128	265.5	149.625
44	read_161a2624-5087-43f8-8d2e-ff47d04d5991	2048	48128	236.375	126.062
45	read_16699a74-5d6e-479b-aa13-b1a8609a8e51	2048	48128	131.25	254.75
46	read_16738c7a-d007-4904-9e5d-6f8211544875	2048	48128	152.75	251.125
47	read_1726f0c1-ae1e-492e-a6be-687718031133	2048	48128	287.75	167.125
48	read_172f60cc-66df-41a3-8ec2-a7ad7aecec18	2048	48128	273	126
49	read_18e53373-dcea-4f93-ae38-bfe4cb23f661	2048	48128	123.688	232.625
50	read_195f91d2-64b1-49fa-9742-faca04c86008	2048	48128	328.5	250.125
51	read_1991ddc1-4d92-4bb8-8e57-6465942feb73	2048	48128	133.125	276.75
52	read_1a16cc5f-9c44-4375-94ca-fafc9957be79	2048	48128	289.25	178.875
53	read_1a18cb27-83ef-4fec-8b93-560d871f3de8	2048	48128	311.75	180.75
54	read_1a341376-1017-40bc-afd8-609865a083e1	2048	48128	273	274.5
55	read_1abb0683-06ed-4ecf-bd3c-2ac67e5367e1	2048	48128	287	192.5
56	read_1d8cad92-3839-4946-8db0-b8cfcfa31a01	2048	48128	223	308.75
57	read_1df6338d-daf8-47e8-be5a-6c7e01ad713f	2048	48128	217.5	247.5
58	read_1e81ced8-84db-4f83-8745-f1c1b7f5688a	2048	48128	148.125	254.875
59	read_1e8c9271-13a0-4aa0-be31-e4c89b2d04dc	2048	48128	266	177.75
60	read_1fad4727-1eaa-43ce-a3d7-3f0c2d8aaef1	2048	48128	250.375	249.375
61	read_205a9426-21a4-483c-abc5-bca9f782f6e0	2048	48128	137	287
62	read_212fac01-a293-4afa-a53b-69f09ec2f21b	2048	48128	309.5	151.375
63	read_2250a898-f8ea-47f8-99c0-a1dc9ef40ac5	2048	48128	110.75	289.75
64	read_2255fb95-b7f8-459d-a879-de8d80ef51f8	2048	48128	269.5	180.375
65	read_23662081-8a09-4f0e-964a-52262563be7f	2048	48128	267.25	186
66	read_242513b2-b181-48f0-ab2f-fb8f00c89706	2048	48128	107.5	267.5
67	read_248053e5-0dc9-4d98-8b39-61b18d429185	2048	48128	292.75	112.812
68	read_24ce5ecd-64ef-410a-b731-c4f1ff9f77fc	2048	48128	287.75	183.875
69	read_2583ff6c-c077-4a4b-8c64-2fa7b7e2ed10	2048	48128	270.5	190.875
70	read_259812ef-004a-49c7-9c11-6fd9e3ee06ee	2048	48128	295.75	292.5
71	read_26635777-60b7-4541-a509-b58558805b2e	2048	48128	168.25	278.75
72	read_290c743d-4c41-4e9e-9006-13a28df55e6e	2048	48128	232.125	273.25
73	read_294f8c40-7a36-4ad7-ac94-2720485e662b	2048	48128	160.375	286.75
74	read_2a366cd7-f38b-4ac9-a016-2408d9b3eebe	2048	48128	143.5	297.75
75	read_2aa4ae15-0f16-4a36-ae57-60133c4c3e85	2048	48128	333	164
76	read_2b3cbf21-15a8-443f-90ef-cc36266371a0	2048	48128	289.5	182.5
77	read_2c81a923-d075-4d4b-9409-e458619d3f60	2048	48128	129.125	275.25
78	read_2cff9636-382b-487d-a1ce-30b471a3cb12	2048	48128	270.75	230.5
79	read_2d59dfbe-bee0-4886-94d4-17609e7ad280	2048	48128	304.5	239.75
80	read_2df0bddf-3ec8-492a-aef5-16e310c69dfb	2048	48128	256	225
81	read_2e5df374-a7f5-4add-bd57-c92d1a805076	2048	48128	246	272.5
82	read_2ebd5c2d-dc29-4c28-a227-55a465c42d88	2048	48128	187.375	299.25
83	read_2ecd6655-8dc4-4c1c-affc-1a64702e5b5d	2048	48128	293.75	162.125
84	read_2f36da8b-8461-4a44-84b2-01ce5d5ad1da	2048	48128	125.812	266.5
85	read_2f6ffb8b-8ead-446a-b743-937a6a14b18d	2048	48128	188	261.75
86	read_3014e6ff-7f8a-4b37-b19b-ae4596870fa7	2048	48128	241.375	248.5
87	read_30b51cff-85d6-45de-b248-be5d3e61c166	2048	48128	162.125	292
88	read_3179bd21-08ec-4a33-966d-d6d7c5fdb8c6	2048	48128	131.25	295.25
89	read_33185026-2231-4be9-82d6-4af41ff2f7e8	2048	48128	121.688	272.25
90	read_337ebd3d-c47d-4a95-8dc0-2164ddc5cdfc	2048	48128	112.375	271.5
91	read_3492c5cf-751a-423e-9bff-9197061eac10	2048	48128	294.75	213.5
92	read_349b6d34-8046-4e5e-b7a8-4c29eecdb1e0	2048	48128	318.75	224.625
93	read_34a4ec3a-14c7-4098-be5a-ad0c6e18e456	2048	48128	249.5	144.875
94	read_34b5fa67-3ebc-4fe3-9535-689a306ccc5f	2048	48128	273.5	149.625
95	read_35bc8564-4977-4792-bcc0-f50deb513b4c	2048	48128	289.75	114.938
96	read_37adedc6-5f03-486f-aa2a-128032210096	2048	48128	136.75	248.875
97	read_37c953c5-a17b-4efd-9c9d-afe7daf7d8c7	2048	48128	233.25	278
98	read_3875981b-dfe5-433a-b55a-4603dae1b5aa	2048	48128	119.875	244.125
99	read_3b0945dc-1ec8-4ec7-8d54-a4bc5690bdca	2048	48128	322.5	238.125
100	read_3e13b918-c51f-41e5-a095-307a615125c1	2048	48128	113.125	264.75
101	read_3e1798b3-5bb7-4056-87e7-b9070d39fd00	2048	48128	118.062	277.75
102	read_3e6c632b-d1b3-4399-af3d-ccfd36a04018	2048	48128	109.25	259.25
103	read_3f2e4aef-4bab-4b90-83f1-993070dae9cf	2048	48128	307.25	145.625
104	read_3fc1fcba-0ac2-4531-a49a-fdc38a31084e	2048	48128	92.5	248
105	read_4116272e-2e1f-4e03-84c9-1fbed693da32	2048	48128	277	132.875
106	read_41165a95-84dd-4810-90de-cd91d80488c5	2048	48128	298.5	146.375
107	read_419d124e-011f-4c7b-b408-f9822ad3f16b	2048	48128	309	117.875
108	read_4359f510-5767-4db2-be18-84c488bc0eea	2048	48128	266.75	178.875
109	read_44bed010-ffd1-40a4-8385-eb7914aa0543	2048	48128	169.75	282.75
110	read_45830acf-0014-4d37-84ad-2dbf829b9837	2048	48128	269.5	153.875
111	read_461a92a2-624f-48a7-b788-6329a196ff33	2048	48128	282.25	166
112	read_46965c79-5090-42aa-9cc5-dd6eaa23b210	2048	48128	239	199
113	read_4833dd44-cf0f-44ed-9aca-95ae9b22cba0	2048	48128	245.625	116.938
114	read_48729b39-ec3c-4b09-ae04-4aeff46e31c5	2048	48128	141.5	265
115	read_4945bbe2-9b02-4790-8fd2-317a6e61f474	2048	48128	255.5	129
116	read_498a85c3-5ee0-4f0c-ace7-dff2483e230b	2048	48128	305.5	173.25
117	read_49a44ab8-3fe5-4b4a-ad0c-0d33990375ab	2048	48128	294.5	111.188
118	read_49b0f053-7dcf-4198-a74b-39586623377f	2048	48128	245	235.5
119	read_4b8cb00e-1b1e-4da9-ae92-4a59b9c908f0	2048	48128	139.625	263
120	read_4b8f9b87-2b34-49a9-bc96-727e739ea074	2048	48128	276.75	133.125
121	read_4c125fde-89d1-4b3f-9033-36a9e1d6f64a	2048	48128	275	155.375
122	read_4c6f3b8a-0dfb-42bd-9fbf-984f64e72385	2048	48128	128	300.25
123	read_4d916209-f9a8-406d-97b2-d1c7ab7afb70	2048	48128	311.75	199.375
124	read_4f192359-0366-4700-8f4a-cf4811679106	2048	48128	290.25	112.938
125	read_4fa53a62-ad42-4eaf-ab7f-a2d9290fd53d	2048	48128	176.5	177.5
126	read_4fdc6fc9-9398-47b5-856f-9a9306d9acf7	2048	48128	305.5	175.625
127	read_50c9e03b-c92e-418e-9ba1-65d6ed43491c	2048	48128	175.25	287
128	read_51ad87b8-a15b-412e-8697-c202e8744bca	2048	48128	124.938	289.25
129	read_51e1e689-10cb-4970-9213-b11db2ec362c	2048	48128	118.438	271.75
130	read_521a5189-239b-4a87-84e7-94050142204c	2048	48128	346	421.5
131	read_522d46f2-d234-4ea7-ae1c-153ade446e25	2048	48128	137.375	264.75
132	read_52724bf1-c32f-49ed-ac0d-c2dabbe0565e	2048	48128	274.75	187
133	read_52a04b89-9842-4221-9a3c-05cd85a2239f	2048	48128	272.75	271
134	read_54e1ca36-fcdb-4c5a-a62b-e425a9166bc7	2048	48128	144.5	315.75
135	read_54e4c601-2405-4e02-9a5f-b9beead7e44c	2048	48128	257.5	289.25
136	read_54fcc820-5847-415a-9654-5edca4f3f375	2048	48128	301	204.125
137	read_5806e2ef-a31c-4ada-b29c-cdc8d9eb2169	2048	48128	200.125	284
138	read_5a533089-b6dc-4251-bbb9-111a93a5d970	2048	48128	188	284.5
139	read_5b7de83b-45f1-42e4-aac6-8e62fd8bcc10	2048	48128	118.312	282.25
140	read_5c67961b-679c-4f3a-9fb4-bd052a061a0b	2048	48128	262	253.125
141	read_5cda3fbd-56d3-493a-8379-9b8f2309c286	2048	48128	137.625	291.75
142	read_5e3e1aee-fb0d-4587-8668-e89dca6bcb40	2048	48128	144.375	286.5
143	read_5f9459d0-a07d-4888-bea8-40dade9c1882	2048	48128	261	111.25
144	read_600c99b9-7bdb-43e4-bbeb-52966107f05a	2048	48128	150.5	265.25
145	read_60e15b99-a0f6-4fe5-b14b-d9356dbd5d05	2048	48128	280	162.875
146	read_61ff66a6-2bf9-4ab5-a272-fdae4b7d1baa	2048	48128	146.625	159.125
147	read_621113b7-e55c-43bc-a4c0-6782434876c3	2048	48128	310.5	186.875
148	read_631bb86b-2cc9-4cf0-a411-93e28466f854	2048	48128	203.75	295.75
149	read_636c7ace-4811-4fd4-b1b5-54850bd1474d	2048	48128	268.75	211.875
150	read_6402adfa-0a63-4de7-9fb4-253445e7cb9b	2048	48128	370.75	300.25
151	read_6407deda-c1fe-488d-8920-d9437a41f65e	2048	48128	262.5	145.75
152	read_6489fe3d-bf49-4b97-b8f4-4efabb5d7589	2048	48128	308.25	152.125
153	read_66399069-d0d7-4a8a-bf2a-4c70b1209983	2048	48128	111.375	285.5
154	read_66848000-83b6-41c9-a3fe-db8485fd6019	2048	48128	307.25	165.75
155	read_67b1a39a-1b72-4bfd-8cf4-48bca6d911ec	2048	48128	310.25	156.375
156	read_68128cda-d214-49ba-a2ad-6abb24b275e1	2048	48128	267.25	157.75
157	read_6865b433-2aea-4a85-9d2c-ace3140db689	2048	48128	311.75	257.5
158	read_6911fd47-1d7f-4892-803e-65ac56a5277c	2048	48128	265.75	134.75
159	read_6a989691-b1d3-42c3-ba8b-144f26b0e0dd	2048	48128	221	220.625
160	read_6aa8a706-e67d-4dfb-99eb-a431552e0ce1	2048	48128	123.062	253.5
161	read_6ac576f6-7cfb-4ee3-8515-9383555be5a7	2048	48128	93.8125	307
162	read_6da2499e-6ec7-4ebe-a98a-cc36a6201faf	2048	48128	311.25	223.25
163	read_6e1636c2-2784-480a-af74-50d62fb81e07	2048	48128	188.25	285.5
164	read_6e1d8f12-f17d-441b-8e0d-9b1b938a5496	2048	48128	317.25	244.875
165	read_6fb4e70c-7cc0-4b99-9273-c4340cada15d	2048	48128	114.375	261
166	read_705e9ea6-ecbb-4080-949d-5c9fb990e4da	2048	48128	209.25	296.5
167	read_7153000c-2919-4b49-a323-dae3e0779bc7	2048	48128	126.438	238.75
168	read_719663f2-a560-4308-9049-d547f46be4a4	2048	48128	138.375	285.75
169	read_726f1fe2-72b7-405c-9dbf-67a3d890f925	2048	48128	159.875	286.25
170	read_7371a8f1-38d7-4c62-acc2-a9b3d2c2b9b1	2048	48128	268.25	135
171	read_74a779c8-51e9-448c-9abe-a7df80aa7ed1	2048	48128	284.25	176.875
172	read_74b4424d-7d26-4e4a-8a93-85b2a2457fb5	2048	48128	287	220.375
173	read_758a1016-b7cb-4ba2-b7c0-0b9c85163807	2048	48128	140.25	260.5
174	read_75a8a020-144c-46a0-9c42-f4971a45ab40	2048	48128	164.375	277
175	read_769aec3a-da8b-4d36-8989-663cd1d97177	2048	48128	273	178.5
176	read_76cce055-fa7f-4dcb-8bfb-37b3c091c43a	2048	48128	245	174.625
177	read_77708899-9997-40e9-8012-7e2dee4eb703	2048	48128	260.75	178.375
178	read_77f299e5-979f-485e-9342-30c36787fb2c	2048	48128	192.875	287.5
179	read_7905a4fe-8abf-4315-892a-875a4ff1fdc3	2048	48128	273.5	182.5
180	read_796cf809-baf5-4f53-b000-ba8e74417ff9	2048	48128	149.25	277.5
181	read_7992e013-2f65-4d58-9cbd-80331dee4c70	2048	48128	185.75	269.75
182	read_7b678916-bed3-45b8-84ba-0eb81679e14f	2048	48128	282.25	188.5
183	read_7babf84d-5afb-4545-9d7d-50f711fe4ac2	2048	48128	160	291.25
184	read_7bb77941-569b-4573-87e3-d345ed083947	2048	48128	273.5	92.6875
185	read_7c442488-7604-49de-99bd-35996cb021ee	2048	48128	251	135.5
186	read_7cf884ef-8cd4-47ad-8708-8fea1575cb65	2048	48128	131.5	268.75
187	read_7dc532ed-c0aa-460b-80b2-97459d06d23d	2048	48128	131.875	303.75
188	read_7de69fc8-a002-40e8-b15a-4baf57fc7484	2048	48128	265.5	286.75
189	read_7e551042-5760-4809-b3a4-239e305021c7	2048	48128	145.375	287.25
190	read_7eb5b628-f6d5-44e8-9691-80bc3ef8bf8b	2048	48128	149.25	279.25
191	read_80d7aeff-9f12-41f4-9832-398a1bcbcfe6	2048	48128	270.5	150.25
192	read_8588acdd-3c28-4ac3-bff0-a1902b1ea40c	2048	48128	282.5	145.125
193	read_85abbc3d-cf23-49b3-a96a-790d1d3d873b	2048	48128	138.25	268.75
194	read_85dd86f4-8cce-4a82-8e91-18f3be2bdabf	2048	48128	1451	1445
195	read_85efee06-781c-47d0-b10a-9ad9247201ac	2048	48128	265.25	134.5
196	read_86abf08e-3669-4f5d-9733-61e1ebdbc5ba	2048	48128	268.25	139.5
197	read_873f32f5-87a4-466e-9444-4fbdd4f4fdc9	2048	48128	106.438	319.75
198	read_87d70d5b-188c-4262-84a6-472cd2d389ab	2048	48128	351.25	214.75
199	read_8980e1f9-533c-4ed6-814d-1683bdcbc47d	2048	48128	277	133.125
200	read_89f0d73d-6875-4d5a-adf2-67a66b6bec36	2048	48128	255.75	150.625
201	read_89f3b60c-c6a6-406d-8a51-0303b81c06e7	2048	48128	197.625	314.75
202	read_8a3042eb-f4ac-4265-8848-29b7f87d027e	2048	48128	337.75	219.5
203	read_8a7e8640-40d8-4038-9786-330f14aff8e7	2048	48128	269	114.125
204	read_8ac4f26b-e9e8-4d78-a6f7-dbc3b1aa5dde	2048	48128	288.5	109.938
205	read_8b2379e0-42a9-48c0-a975-139e56c1e7bd	2048	48128	139.375	276.25
206	read_8bc58f41-c2b1-4072-aa91-60814eeadbc0	2048	48128	305	186.25
207	read_8bda1ef5-aa75-4287-84a3-09dec642bb10	2048	48128	252.625	255.5
208	read_8c652cf6-d611-4322-968d-eb51791c8c11	2048	48128	168.25	308.25
209	read_8c715b16-160a-4842-a7a1-61b4a2740aa8	2048	48128	182.75	292
210	read_8dc35d3c-46c9-48af-b7e8-d8efbb0f4cef	2048	48128	167.5	294
211	read_8e353fb5-b5c5-4fee-b579-ee2cf0f08e3e	2048	48128	176.875	247.625
212	read_8ea01224-2034-4836-913b-c55c83cd9b18	2048	48128	275	158.125
213	read_8f59d218-a81c-470c-b8f5-d857d441df8e	2048	48128	258	147.625
214	read_8f624423-6713-4c87-b46b-c097522de6a9	2048	48128	145.625	272
215	read_8fbacdd7-9865-48b5-b600-21ce83db9192	2048	48128	285.25	120.875
216	read_8fcf8222-3f3f-4f71-ad54-51433e6f6fcd	2048	48128	268.25	216.375
217	read_90af1c8a-c767-4a47-82b6-6b5e57f67e70	2048	48128	297.75	176.625
218	read_90b9ac00-e9e3-4782-8651-2fd98a5016cb	2048	48128	141.375	271.25
219	read_92257d53-a102-4717-a115-540c22e18d82	2048	48128	158.5	296.5
220	read_94053bc8-832b-4f32-bec7-9daf9dac87b6	2048	48128	339.75	132.75
221	read_9424da38-c31b-4a00-b721-9a84708f2f70	2048	48128	298.25	148.5
222	read_958d1dae-38f3-495e-8c53-593cb7353234	2048	48128	144	259.75
223	read_9635c591-4a72-4064-b6b9-a7023fd8db97	2048	48128	157.375	245.75
224	read_96478256-b3c2-401a-b99e-f0337db7aa19	2048	48128	264.5	183.625
225	read_97488a1a-0f3a-4e64-bd53-eb325c794824	2048	48128	98.125	270.5
226	read_9768ce5c-0b2f-4718-a731-d821f9a4dff0	2048	48128	171.375	265.75
227	read_977474af-ffb3-44d1-9b4a-a5531ea0362f	2048	48128	145.375	282
228	read_98bb946d-ad15-494e-b2d8-02d23452fea1	2048	48128	303	178.25
229	read_98e37c85-b87c-4855-bda4-d7ffa2742de7	2048	48128	289.5	153.5
230	read_9a210bbe-927b-46ae-bffa-c6e07172a94c	2048	48128	285	103.875
231	read_9a55d27e-b9e5-4e3d-b12b-c366f13fd9b0	2048	48128	272.5	116.75
232	read_9bd851b0-9dad-4416-b4d3-cb01a3de5c59	2048	48128	198.875	261.25
233	read_9da07296-6cfe-48fe-bb65-15f9ef82d054	2048	48128	285	167.75
234	read_9db4033b-157f-4b9b-80d2-6f5f922253c7	2048	48128	192.875	279.25
235	read_9ecc9527-63f5-4853-b4cb-066f927ee6b3	2048	48128	183.25	189.625
236	read_9ef125dd-5aa5-4f34-926c-f7fb2f152b90	2048	48128	270.75	112.312
237	read_9f0dd7c1-fd74-4fb9-ba2a-626740451aab	2048	48128	181.75	333.75
238	read_9f747bfe-f984-475c-b828-30181f875101	2048	48128	267	182
239	read_9f96e676-fdb9-4b17-ac5e-ed699f64ec24	2048	48128	118.625	272.25
240	read_a02aace8-8360-445b-ba36-ad2146c0f074	2048	48128	267.25	112
241	read_a0fdd952-e203-458e-b1c2-73d7a1ebede4	2048	48128	126.188	278.25
242	read_a2633e01-c87b-41f1-9624-a115064a1d5e	2048	48128	272.5	158.625
243	read_a3a0f597-498f-4d03-898b-9a937305e0eb	2048	48128	317	99.75
244	read_a5daf6af-e497-40aa-8b85-ccf9f47eb89a	2048	48128	313	161.375
245	read_a7546868-a464-4cea-949e-ed3f64fffa5b	2048	48128	225.125	330.5
246	read_a79c88a7-8320-4f37-8c67-bbba0575a917	2048	48128	282	125
247	read_a864899c-8c75-4c7c-9651-7d12e0f28bda	2048	48128	192.75	272.25
248	read_a8b8ff47-a970-4bd3-96c1-a261e7f268e1	2048	48128	198.125	294.25
249	read_a8c15041-6991-40d9-b7a7-da7e91e4b53d	2048	48128	320	173.625
250	read_aa1ac243-92c5-4aff-ad50-dcb59ce131a1	2048	48128	121	295.25
251	read_aaa7256f-f76d-42ef-804a-7fbdf9efa817	2048	48128	126.25	246.125
252	read_abb1afa4-eecd-4b30-96ee-f50626381749	2048	48128	214.625	278.5
253	read_ad552d5f-514d-40a5-aea6-8221f3e06558	2048	48128	138.875	288.75
254	read_ad6d394a-d9a5-4f5b-a864-fca4e0035ce2	2048	48128	151.875	289.5
255	read_ad7d9019-4edb-4b08-809d-95740964200b	2048	48128	314.5	288
256	read_af8062d9-d9a6-4a40-baf0-57cdad9f9f9b	2048	48128	273.75	131.875
257	read_af8937de-e3f8-4e53-a64e-27a8b6c23253	2048	48128	276.5	222.625
258	read_b03bd593-344f-4371-8058-66b3a5dd0b1d	2048	48128	307.25	164.75
259	read_b0daaa6f-41b0-463b-802a-0524b1898996	2048	48128	309.75	166.75
260	read_b0e9b986-0eee-4fa8-82a4-8fd9749a0af6	2048	48128	305.75	166.75
261	read_b14570da-d9f7-49a7-87b6-b9a1d8ae2f5b	2048	48128	189.875	286.5
262	read_b1ca3e91-aa54-4dc3-b770-1ee0d0ab185b	2048	48128	266.25	123
263	read_b2039bae-f57c-43de-a8cf-ee5c2b50e9bc	2048	48128	109.812	280.5
264	read_b255b3d5-0803-4ec9-81c6-646f732b356b	2048	48128	295.25	111.375
265	read_b31dd7ee-87b9-4851-87ac-7eb8774b5aa8	2048	48128	236.25	347.25
266	read_b40e2e37-ec56-4650-8938-d9280fe75e6b	2048	48128	319.25	206.375
267	read_b42c11fa-4f4a-438d-8bc9-673b7683a1d4	2048	48128	240.875	300.75
268	read_b45b18b8-43ba-4286-8ad3-da3e68f370c6	2048	48128	294.75	158.75
269	read_b45e7f00-3ff8-4086-8825-fceba10cc6cf	2048	48128	304	245
270	read_b49e8747-9d15-43f6-bc90-6671bbf8cfdb	2048	48128	258.75	228.375
271	read_b556bce1-e3ea-45bb-a80c-4824c14e082b	2048	48128	216	214.625
272	read_b563bfbb-2823-42a8-80d6-c5e9dd261b6c	2048	48128	161.5	321.5
273	read_b608d596-bf86-4f35-9f16-ee9ad42443a9	2048	48128	291.75	193.25
274	read_b71e93de-b30d-46d3-9960-1d7a4c9d95fa	2048	48128	289.5	127.812
275	read_b80e9db9-c8cc-447e-bc01-a188be65d1c1	2048	48128	247.5	152
276	read_b8a23bdb-e3af-49b7-8470-ae186eda985b	2048	48128	188.375	323
277	read_b9638392-79b5-4654-9392-6827106dabb0	2048	48128	122.688	269.25
278	read_b986976f-0d45-4077-aa33-0569afbe7b88	2048	48128	154	290
279	read_b9a5e749-c4e8-474f-ba22-b8039a606277	2048	48128	271	220.375
280	read_ba87cbca-0277-4dc6-b98c-0bb98846a090	2048	48128	295	145.375
281	read_bc4387fa-3b55-4bc9-a2c9-dd3dc69376c8	2048	48128	198.75	287.25
282	read_bc6ed1f7-d584-486e-9397-50e251114998	2048	48128	221.625	116.438
283	read_bcae857c-e109-41ae-836a-5f01334eb23d	2048	48128	291	190.625
284	read_bcd60bfb-fda5-4133-9730-eff26aecf166	2048	48128	166.375	293
285	read_bd0a3bfc-cb9b-44e9-bfcf-de45b74fce48	2048	48128	297.25	116.062
286	read_bd4a1259-dfbf-4314-b7c9-e792fe827101	2048	48128	147	288.25
287	read_bddb85eb-b426-4c6d-9745-29cada6749c8	2048	48128	307.5	138.375
288	read_bdf75da0-0f48-4ff5-b578-20791f49b149	2048	48128	171.25	301.75
289	read_bf437a61-78b5-4b6e-91c2-bc568dacd4c9	2048	48128	156.5	297
290	read_c03102c9-2ddd-4894-8182-8487bd1b0477	2048	48128	187.125	278.5
291	read_c0d9315e-9229-4a73-9314-33554e1b45ca	2048	48128	132.625	284.25
292	read_c17e83e6-5a7c-4cc0-be8d-98b7bc3894eb	2048	48128	142	262.25
293	read_c230e105-bf9f-43ad-86bc-13f39d68bf51	2048	48128	291.25	304.75
294	read_c294f9f3-0aea-4357-858a-52df82f7e000	2048	48128	219.125	262
295	read_c2a8e985-3965-4393-83c4-bab5d5968ce9	2048	48128	277	129.75
296	read_c32eea6a-a62b-4475-9687-6bd1f224a9cd	2048	48128	177.125	310
297	read_c3b8d9ff-ff74-454d-9f0d-849c63420498	2048	48128	186.125	299.5
298	read_c4777ddf-64dd-4786-837b-70e4870676e0	2048	48128	245.75	135.75
299	read_c548f980-99a8-4c6e-9ea1-0f3592705b9f	2048	48128	284.5	354
300	read_c5c515d9-bcca-42c4-9e63-48d710001988	2048	48128	280.75	109.188
301	read_c65e84f5-d8e3-452c-afe3-e9dcbf96ebab	2048	48128	309.5	226.375
302	read_c6768aee-f139-410b-b3d1-8c8842973174	2048	48128	314	185
303	read_c7593a88-8fd4-4080-beaa-7c565a94cda8	2048	48128	125.562	216.125
304	read_c7850506-c513-465f-b490-cd7027678cf5	2048	48128	238.375	228.875
305	read_c7a317ce-e340-4434-aa0f-bc616bb49920	2048	48128	292.5	134.375
306	read_c7b49faa-cb5b-4507-b301-30249b3f9b0a	2048	48128	283	137.875
307	read_c7e34711-7d79-4f27-b7ae-0eb0d948bb53	2048	48128	286.5	109.438
308	read_c8b3d110-3095-4967-a986-5e48b73e5e4c	2048	48128	272.5	278
309	read_c8bd40d4-d987-4bb3-b2b6-f824b9517a14	2048	48128	264.75	162.125
310	read_c8c3fa25-ca08-4706-aa0f-2347d23e5acb	2048	48128	207.125	313
311	read_c8d9eeee-7e5d-462f-b3b9-1a88c871203f	2048	48128	182.25	287.5
312	read_c9512c94-b58e-44b2-8e63-6efc0ae15c11	2048	48128	153.875	279
313	read_ca54afa2-136b-47f9-8c4d-3305d55335a1	2048	48128	191.75	226.25
314	read_ca935bf6-f6c7-403c-89f6-514e80c3904f	2048	48128	312.5	186.625
315	read_caa2a16e-dbc9-46cf-b70e-4eca4a7ce17a	2048	48128	149.125	268.75
316	read_cbd4ad68-1433-4041-a927-b3db29820dcd	2048	48128	171.875	313
317	read_ccb6ec5d-d03d-4c4f-8410-a0ac14b7947e	2048	48128	207.375	234.125
318	read_ce118332-bbac-4dbd-babc-5f9848a44d8d	2048	48128	153.25	269.5
319	read_ce5765ac-f9bf-483b-8bf6-135b7e0dc687	2048	48128	320.75	196.125
320	read_ceaab32b-4871-4716-a615-e5720209a4e9	2048	48128	252.625	305.25
321	read_cf464302-1165-4c1b-b098-ab642bfc1de5	2048	48128	196	314.25
322	read_d061a886-21a4-4e96-ae3e-e8eb58b0b163	2048	48128	247.5	261.75
323	read_d1876cc0-608c-46d8-8cb1-bfe1b51a5790	2048	48128	146.875	287
324	read_d1b7a212-4a09-410f-9a5e-dea00aaef4eb	2048	48128	188.125	271
325	read_d1fbf261-6354-4d8a-be38-506fd4cffaf4	2048	48128	100.938	276.5
326	read_d203f4bd-dedb-4540-bbd6-788347fff6f9	2048	48128	333	213.5
327	read_d3ecf653-84cd-4aa3-ad98-75499ef1236d	2048	48128	275.25	259
328	read_d4b88f08-1d6d-4020-a442-083c8e301398	2048	48128	332	171.125
329	read_d50fd77c-f4a0-40a0-b9ac-ab655b234bb9	2048	48128	279.75	153.875
330	read_d5ac5b0f-b84f-4dc6-a9a1-0a310bb63f9d	2048	48128	190.5	304.5
331	read_d5f12b00-9cbf-4203-8bbb-a2b6f720c2f6	2048	48128	246.75	183.375
332	read_d699b993-c87c-43dc-9338-2384671fd535	2048	48128	292.75	221.875
333	read_d6a98680-3aad-4449-9b80-bd89e238d534	2048	48128	267	144.125
334	read_d704575d-3973-4a8f-afa5-94df9b896dc5	2048	48128	301.5	193.875
335	read_d8336a75-9262-4d23-a23d-5ba49e57ba07	2048	48128	181.875	280.25
336	read_d930c58e-652e-4e46-8542-772a0c058ce2	2048	48128	304.5	134.5
337	read_db27d73e-f599-4a38-8d35-2606a6997121	2048	48128	159.625	277.25
338	read_db49ba79-6aa4-4234-ba85-cd1476215a87	2048	48128	143.5	299
339	read_db4ec977-4a63-4588-8608-6c32e8b503f7	2048	48128	219.875	197.25
340	read_dd8b07ff-4362-44d5-a1d6-99f015738a34	2048	48128	318	136.625
341	read_de1d406f-9a2a-4233-a783-2bfb558003ec	2048	48128	320.5	203.75
342	read_de429e08-9306-461d-ac87-70f4016dd65b	2048	48128	308.75	142.5
343	read_de62cd64-5ef9-4a2c-a0a2-70d0fe1e10b5	2048	48128	333.75	256.75
344	read_deaa37b4-2dd0-4193-a5a7-bd871705073b	2048	48128	164.75	304.5
345	read_dee4957e-fcbe-4313-b6c6-807d0bfe908e	2048	48128	280.75	138.125
346	read_dfb4b92b-72c7-4f16-8e8a-4aaba17554ab	2048	48128	259.5	146
347	read_dfd316f0-44a7-424a-91ed-fe3f1fe89804	2048	48128	155.75	274
348	read_e052a883-a2a5-49ba-acee-bf0d80757fbf	2048	48128	288.5	175
349	read_e05e4238-f7cb-4740-a9dd-4e53fc59fe03	2048	48128	283.5	160.25
350	read_e0dbdc34-bb91-4ebb-9a28-f815df18c02a	2048	48128	295	132.75
351	read_e2873071-3b0d-4b5f-bd3f-a7e5b3061788	2048	48128	375.75	406.75
352	read_e3187b47-6708-41a4-8cfe-012dcea0ae76	2048	48128	160.5	313.5
353	read_e3239d31-164f-4aff-a825-72d13faeefa4	2048	48128	144.375	278
354	read_e374a140-4abe-4b67-a20a-fdd83aef7ba7	2048	48128	131.875	261.25
355	read_e383461a-9730-4a0c-a592-cdc23e27e840	2048	48128	270.25	173.875
356	read_e4724a84-78d7-4b22-9e88-33aeba0bebc1	2048	48128	174	179.25
357	read_e4ac70ad-f260-440b-a3b2-2dbaf75688b7	2048	48128	122.062	283
358	read_e534f02d-fb61-46af-b825-dbcde90f8c30	2048	48128	331.5	177
359	read_e6a7aec6-f79d-40ff-82ba-b7120cacc551	2048	48128	304.25	118.812
360	read_e6ded96b-84b4-47e8-b15c-309c155f5c5d	2048	48128	136.625	288
361	read_e70041ba-a614-4dcc-b207-f81073184f5a	2048	48128	184.875	244.25
362	read_e74e4d6b-ba40-4693-b8ed-a9886ad50d08	2048	48128	298	164.875
363	read_e765a187-3bdc-431f-bb18-1420dbebf621	2048	48128	308.75	167.375
364	read_e78520fd-3b1c-477e-afce-bc740e79bc64	2048	48128	136.125	263
365	read_e851d399-48d6-4ddf-be47-b6f4b26e8362	2048	48128	122.875	267
366	read_e91d6fc9-b682-4d6c-b8da-764928c68946	2048	48128	289	126.188
367	read_ea1a788f-2ed4-4b48-b5bc-d5eb04b134b0	2048	48128	140.25	294.25
368	read_eac11afa-400b-45d2-807f-3b71fe65d429	2048	48128	194.5	280
369	read_eb341fff-6b43-4ea3-813f-1c6022fb902f	2048	48128	217.625	284
370	read_eca8ac3c-8d7f-449e-ae5d-9a0d09d75627	2048	48128	187.625	278.75
371	read_ecfbcedf-51d9-4708-aee1-f204b7c479c3	2048	48128	149.125	288.75
372	read_ee286af6-5f75-4b48-9f50-7eb236b33dc2	2048	48128	258.25	166.125
373	read_ee8d8468-bb18-4e24-8fc4-4a01a94d94ad	2048	48128	157.125	250.625
374	read_eef879f3-14f3-46b3-a99c-acfb7c2777e4	2048	48128	290.25	202.25
375	read_ef5574a4-7081-4839-b54a-457cb470e959	2048	48128	280	178.875
376	read_eff622d3-339d-44c2-ad8e-205c1fa70d4f	2048	48128	260.5	127.062
377	read_f08c1894-884a-411e-906b-0b1a01191560	2048	48128	311	190.5
378	read_f1fc676b-bdd7-4a0e-b711-6bc066e0da01	2048	48128	285.75	155.5
379	read_f420a658-a7f1-4702-bd2c-26b70fdc1845	2048	48128	181.125	306
380	read_f529e512-866d-4048-96ff-6c06ba70e8f7	2048	48128	288.5	186.5
381	read_f5442dfe-4808-488e-a16d-ca8de9a3b014	2048	48128	220	304
382	read_f556e177-9b9f-4fb6-b112-8d334f1bf35d	2048	48128	170.25	296
383	read_f5e0bc60-37e8-47f3-99e6-8cb0cb14cbb2	2048	48128	128	268.25
384	read_f679fd6a-4a1e-4ae1-8c6f-d86a603a8831	2048	48128	293.5	147.375
385	read_f8cf3b4c-7887-4e79-a82f-6d59e64aa6e6	2048	48128	166.375	275.5
386	read_f8fe74c9-f180-4609-89a3-e97294fefa4d	2048	48128	287	201.5
387	read_fa11a697-82ae-4f1e-bce2-39976701aca8	2048	48128	199.25	278.75
388	read_fa4975e7-47c7-43b3-916f-4af31d2fc6fd	2048	48128	123	273
389	read_faba94c6-e5eb-4d72-9523-f834b362e243	2048	48128	246.5	169.875
390	read_fb21b3cd-42fb-469c-b6fa-f7415e755e31	2048	48128	294	142.875
391	read_fb6204f7-f567-40a3-baaf-c90abcfbb570	2048	48128	238.75	293
392	read_fda570c8-ee3d-4637-a80b-b54e97ce3fc5	2048	48128	210.375	280.25
393	read_ff48f8a6-fa02-4466-826d-c7bd925f2fed	2048	48128	148.625	276.25
394	read_ff82f032-8122-48bf-b4a6-bcb4eb3bf1c4	2048	48128	297.75	135.625
395	read_ffd4ad89-7a8f-4e4e-8cf6-10a9b191a116	2048	48128	290.5	157.5
396	read_ffd6e8b2-badb-48d4-8a55-af4f7ef37275	2048	48128	308.25	247.5
